<?xml version="1.0" encoding="UTF-8"?>
<testng-results ignored="0" total="1" passed="1" failed="0" skipped="0">
  <reporter-output>
  </reporter-output>
  <suite started-at="2025-06-18T01:32:57 IST" name="Suite" finished-at="2025-06-18T01:33:18 IST" duration-ms="21109">
    <groups>
    </groups>
    <test started-at="2025-06-18T01:32:57 IST" name="Test" finished-at="2025-06-18T01:33:18 IST" duration-ms="21109">
      <class name="Hybrid_Framework_Demo.SubmitOrder.SubmitOrder">
        <test-method is-config="true" signature="launchApplication()[pri:0, instance:Hybrid_Framework_Demo.SubmitOrder.SubmitOrder@6d5620ce]" started-at="2025-06-18T01:32:57 IST" name="launchApplication" finished-at="2025-06-18T01:33:01 IST" duration-ms="4476" status="PASS">
          <reporter-output>
          </reporter-output>
        </test-method> <!-- launchApplication -->
        <test-method signature="Order()[pri:0, instance:Hybrid_Framework_Demo.SubmitOrder.SubmitOrder@6d5620ce]" started-at="2025-06-18T01:33:01 IST" name="Order" finished-at="2025-06-18T01:33:17 IST" duration-ms="16251" status="PASS">
          <reporter-output>
          </reporter-output>
        </test-method> <!-- Order -->
        <test-method is-config="true" signature="tearDown()[pri:0, instance:Hybrid_Framework_Demo.SubmitOrder.SubmitOrder@6d5620ce]" started-at="2025-06-18T01:33:17 IST" name="tearDown" finished-at="2025-06-18T01:33:18 IST" duration-ms="293" status="PASS">
          <reporter-output>
          </reporter-output>
        </test-method> <!-- tearDown -->
      </class> <!-- Hybrid_Framework_Demo.SubmitOrder.SubmitOrder -->
    </test> <!-- Test -->
  </suite> <!-- Suite -->
</testng-results>
